<?xml version="1.0" encoding="utf-8"?><testsuites><testsuite name="pytest" errors="0" failures="0" skipped="0" tests="1" time="0.759" timestamp="2024-12-23T08:46:31.844328+05:30" hostname="Pravins-MacBook-Air.local"><testcase classname="tests.utils.test_utils.TestUtils" name="test_admin_decorator_no_request" time="0.002" /></testsuite></testsuites>