<?xml version="1.0" encoding="utf-8"?><testsuites><testsuite name="pytest" errors="0" failures="0" skipped="0" tests="10" time="3.012" timestamp="2024-12-17T09:57:29.192035+05:30" hostname="LAP-55355"><testcase classname="tests.utils.test_utils.TestUtils" name="test_admin_decorator_authorized" time="0.009" /><testcase classname="tests.utils.test_utils.TestUtils" name="test_admin_decorator_unauthorized" time="0.003" /><testcase classname="tests.utils.test_utils.TestUtils" name="test_check_password_failure" time="0.459" /><testcase classname="tests.utils.test_utils.TestUtils" name="test_check_password_success" time="0.463" /><testcase classname="tests.utils.test_utils.TestUtils" name="test_create_jwt_token_exception" time="0.004" /><testcase classname="tests.utils.test_utils.TestUtils" name="test_create_jwt_token_success" time="0.002" /><testcase classname="tests.utils.test_utils.TestUtils" name="test_decode_jwt_token_expired" time="0.002" /><testcase classname="tests.utils.test_utils.TestUtils" name="test_decode_jwt_token_invalid" time="0.001" /><testcase classname="tests.utils.test_utils.TestUtils" name="test_decode_jwt_token_success" time="0.002" /><testcase classname="tests.utils.test_utils.TestUtils" name="test_hash_password_unique" time="0.461" /></testsuite></testsuites>