<?xml version="1.0" encoding="utf-8"?><testsuites><testsuite name="pytest" errors="0" failures="0" skipped="0" tests="48" time="1.743" timestamp="2024-12-19T10:57:53.579071+05:30" hostname="LAP-55355"><testcase classname="tests.repository_tests.test_asset_issue_repository.TestIssueRepository" name="test_fetch_all_issues_empty_list" time="0.014" /><testcase classname="tests.repository_tests.test_asset_issue_repository.TestIssueRepository" name="test_fetch_all_issues_raises_database_error" time="0.003" /><testcase classname="tests.repository_tests.test_asset_issue_repository.TestIssueRepository" name="test_fetch_all_issues_success" time="0.004" /><testcase classname="tests.repository_tests.test_asset_issue_repository.TestIssueRepository" name="test_fetch_user_issues_no_issues_found" time="0.003" /><testcase classname="tests.repository_tests.test_asset_issue_repository.TestIssueRepository" name="test_fetch_user_issues_raises_database_error" time="0.003" /><testcase classname="tests.repository_tests.test_asset_issue_repository.TestIssueRepository" name="test_fetch_user_issues_success" time="0.004" /><testcase classname="tests.repository_tests.test_asset_issue_repository.TestIssueRepository" name="test_report_issue_raises_database_error" time="0.002" /><testcase classname="tests.repository_tests.test_asset_issue_repository.TestIssueRepository" name="test_report_issue_success" time="0.004" /><testcase classname="tests.repository_tests.test_asset_repository.TestAssetRepository" name="test_add_asset_raises_database_error" time="0.006" /><testcase classname="tests.repository_tests.test_asset_repository.TestAssetRepository" name="test_add_asset_success" time="0.004" /><testcase classname="tests.repository_tests.test_asset_repository.TestAssetRepository" name="test_assign_asset_raises_database_error" time="0.003" /><testcase classname="tests.repository_tests.test_asset_repository.TestAssetRepository" name="test_assign_asset_success" time="0.003" /><testcase classname="tests.repository_tests.test_asset_repository.TestAssetRepository" name="test_check_asset_availability_available" time="0.004" /><testcase classname="tests.repository_tests.test_asset_repository.TestAssetRepository" name="test_check_asset_availability_available_raises_database_error" time="0.003" /><testcase classname="tests.repository_tests.test_asset_repository.TestAssetRepository" name="test_check_asset_availability_not_available" time="0.003" /><testcase classname="tests.repository_tests.test_asset_repository.TestAssetRepository" name="test_delete_asset_success" time="0.004" /><testcase classname="tests.repository_tests.test_asset_repository.TestAssetRepository" name="test_delete_asset_success_raises_database_error" time="0.003" /><testcase classname="tests.repository_tests.test_asset_repository.TestAssetRepository" name="test_fetch_all_assets_raises_database_error" time="0.003" /><testcase classname="tests.repository_tests.test_asset_repository.TestAssetRepository" name="test_fetch_all_assets_success" time="0.004" /><testcase classname="tests.repository_tests.test_asset_repository.TestAssetRepository" name="test_fetch_asset_by_id_not_found" time="0.004" /><testcase classname="tests.repository_tests.test_asset_repository.TestAssetRepository" name="test_fetch_asset_by_id_raises_database_error" time="0.003" /><testcase classname="tests.repository_tests.test_asset_repository.TestAssetRepository" name="test_fetch_asset_by_id_success" time="0.003" /><testcase classname="tests.repository_tests.test_asset_repository.TestAssetRepository" name="test_is_asset_assigned_false" time="0.004" /><testcase classname="tests.repository_tests.test_asset_repository.TestAssetRepository" name="test_is_asset_assigned_raises_database_error" time="0.004" /><testcase classname="tests.repository_tests.test_asset_repository.TestAssetRepository" name="test_is_asset_assigned_true" time="0.004" /><testcase classname="tests.repository_tests.test_asset_repository.TestAssetRepository" name="test_unassign_asset_raises_database_error" time="0.003" /><testcase classname="tests.repository_tests.test_asset_repository.TestAssetRepository" name="test_unassign_asset_success" time="0.003" /><testcase classname="tests.repository_tests.test_asset_repository.TestAssetRepository" name="test_update_asset_status_raises_database_error" time="0.003" /><testcase classname="tests.repository_tests.test_asset_repository.TestAssetRepository" name="test_update_asset_status_success" time="0.003" /><testcase classname="tests.repository_tests.test_asset_repository.TestAssetRepository" name="test_view_all_assigned_assets_raises_database_error" time="0.004" /><testcase classname="tests.repository_tests.test_asset_repository.TestAssetRepository" name="test_view_all_assigned_assets_success" time="0.003" /><testcase classname="tests.repository_tests.test_asset_repository.TestAssetRepository" name="test_view_assigned_assets_no_assets" time="0.005" /><testcase classname="tests.repository_tests.test_asset_repository.TestAssetRepository" name="test_view_assigned_assets_no_assets_raises_database_error" time="0.003" /><testcase classname="tests.repository_tests.test_asset_repository.TestAssetRepository" name="test_view_assigned_assets_success" time="0.003" /><testcase classname="tests.repository_tests.test_user_repository.TestUserRepository" name="test_delete_user_database_error" time="0.003" /><testcase classname="tests.repository_tests.test_user_repository.TestUserRepository" name="test_delete_user_not_found" time="0.004" /><testcase classname="tests.repository_tests.test_user_repository.TestUserRepository" name="test_delete_user_success" time="0.003" /><testcase classname="tests.repository_tests.test_user_repository.TestUserRepository" name="test_fetch_user_by_email_database_error" time="0.003" /><testcase classname="tests.repository_tests.test_user_repository.TestUserRepository" name="test_fetch_user_by_email_not_found" time="0.004" /><testcase classname="tests.repository_tests.test_user_repository.TestUserRepository" name="test_fetch_user_by_email_success" time="0.004" /><testcase classname="tests.repository_tests.test_user_repository.TestUserRepository" name="test_fetch_user_by_id_database_error" time="0.003" /><testcase classname="tests.repository_tests.test_user_repository.TestUserRepository" name="test_fetch_user_by_id_not_found" time="0.004" /><testcase classname="tests.repository_tests.test_user_repository.TestUserRepository" name="test_fetch_user_by_id_success" time="0.004" /><testcase classname="tests.repository_tests.test_user_repository.TestUserRepository" name="test_fetch_users_database_error" time="0.004" /><testcase classname="tests.repository_tests.test_user_repository.TestUserRepository" name="test_fetch_users_empty_list" time="0.004" /><testcase classname="tests.repository_tests.test_user_repository.TestUserRepository" name="test_fetch_users_success" time="0.004" /><testcase classname="tests.repository_tests.test_user_repository.TestUserRepository" name="test_save_user_database_error" time="0.003" /><testcase classname="tests.repository_tests.test_user_repository.TestUserRepository" name="test_save_user_success" time="0.004" /></testsuite></testsuites>