<?xml version="1.0" encoding="utf-8"?><testsuites><testsuite name="pytest" errors="0" failures="0" skipped="0" tests="173" time="4.419" timestamp="2024-12-19T10:51:15.014114+05:30" hostname="LAP-55355"><testcase classname="tests.controllers_tests.test_asset_handlers.TestAssetHandler" name="test_add_asset_invalid_data" time="0.027" /><testcase classname="tests.controllers_tests.test_asset_handlers.TestAssetHandler" name="test_add_asset_success" time="0.007" /><testcase classname="tests.controllers_tests.test_asset_handlers.TestAssetHandler" name="test_assign_asset_already_assigned" time="0.007" /><testcase classname="tests.controllers_tests.test_asset_handlers.TestAssetHandler" name="test_assign_asset_success" time="0.007" /><testcase classname="tests.controllers_tests.test_asset_handlers.TestAssetHandler" name="test_assigned_all_assets_database_error" time="0.007" /><testcase classname="tests.controllers_tests.test_asset_handlers.TestAssetHandler" name="test_assigned_all_assets_success" time="0.006" /><testcase classname="tests.controllers_tests.test_asset_handlers.TestAssetHandler" name="test_assigned_all_assets_unexpected_error" time="0.007" /><testcase classname="tests.controllers_tests.test_asset_handlers.TestAssetHandler" name="test_assigned_assets_database_error" time="0.006" /><testcase classname="tests.controllers_tests.test_asset_handlers.TestAssetHandler" name="test_assigned_assets_invalid_uuid" time="0.008" /><testcase classname="tests.controllers_tests.test_asset_handlers.TestAssetHandler" name="test_assigned_assets_not_exists" time="0.007" /><testcase classname="tests.controllers_tests.test_asset_handlers.TestAssetHandler" name="test_assigned_assets_success" time="0.007" /><testcase classname="tests.controllers_tests.test_asset_handlers.TestAssetHandler" name="test_delete_asset_database_error" time="0.010" /><testcase classname="tests.controllers_tests.test_asset_handlers.TestAssetHandler" name="test_delete_asset_invalid_id" time="0.006" /><testcase classname="tests.controllers_tests.test_asset_handlers.TestAssetHandler" name="test_delete_asset_invalid_uuid" time="0.008" /><testcase classname="tests.controllers_tests.test_asset_handlers.TestAssetHandler" name="test_delete_asset_not_exists" time="0.006" /><testcase classname="tests.controllers_tests.test_asset_handlers.TestAssetHandler" name="test_delete_asset_success" time="0.007" /><testcase classname="tests.controllers_tests.test_asset_handlers.TestAssetHandler" name="test_delete_asset_unexpected_error" time="0.008" /><testcase classname="tests.controllers_tests.test_asset_handlers.TestAssetHandler" name="test_get_assets_success" time="0.007" /><testcase classname="tests.controllers_tests.test_asset_handlers.TestAssetHandler" name="test_unassign_asset_database_error" time="0.007" /><testcase classname="tests.controllers_tests.test_asset_handlers.TestAssetHandler" name="test_unassign_asset_not_assigned" time="0.006" /><testcase classname="tests.controllers_tests.test_asset_handlers.TestAssetHandler" name="test_unassign_asset_not_assigned_error" time="0.007" /><testcase classname="tests.controllers_tests.test_asset_handlers.TestAssetHandler" name="test_unassign_asset_not_exists_error" time="0.007" /><testcase classname="tests.controllers_tests.test_asset_handlers.TestAssetHandler" name="test_unassign_asset_success" time="0.007" /><testcase classname="tests.controllers_tests.test_asset_handlers.TestAssetHandler" name="test_unassign_asset_unexpected_error" time="0.006" /><testcase classname="tests.controllers_tests.test_asset_handlers.TestAssetHandler" name="test_unassign_asset_validation_error" time="0.008" /><testcase classname="tests.controllers_tests.test_asset_issue_handlers.TestIssueHandler" name="test_get_user_issues_success" time="0.004" /><testcase classname="tests.controllers_tests.test_asset_issue_handlers.TestIssueHandler" name="test_get_user_issues_invalid_uuid" time="0.005" /><testcase classname="tests.controllers_tests.test_asset_issue_handlers.TestIssueHandler" name="test_get_user_issues_user_not_found" time="0.004" /><testcase classname="tests.controllers_tests.test_asset_issue_handlers.TestIssueHandler" name="test_get_user_issues_database_error" time="0.006" /><testcase classname="tests.controllers_tests.test_asset_issue_handlers.TestIssueHandler" name="test_get_issues_success" time="0.004" /><testcase classname="tests.controllers_tests.test_asset_issue_handlers.TestIssueHandler" name="test_get_issues_database_error" time="0.004" /><testcase classname="tests.controllers_tests.test_asset_issue_handlers.TestIssueHandler" name="test_report_issue_success" time="0.004" /><testcase classname="tests.controllers_tests.test_asset_issue_handlers.TestIssueHandler" name="test_report_issue_validation_error" time="0.004" /><testcase classname="tests.controllers_tests.test_asset_issue_handlers.TestIssueHandler" name="test_report_issue_not_assigned_error" time="0.004" /><testcase classname="tests.controllers_tests.test_asset_issue_handlers.TestIssueHandler" name="test_report_issue_asset_not_found" time="0.005" /><testcase classname="tests.controllers_tests.test_asset_issue_handlers.TestIssueHandler" name="test_report_issue_database_error" time="0.004" /><testcase classname="tests.controllers_tests.test_main.TestAppFactory" name="test_all_routes_registered" time="0.013" /><testcase classname="tests.controllers_tests.test_main.TestAppFactory" name="test_create_app_returns_flask_app" time="0.013" /><testcase classname="tests.controllers_tests.test_main.TestAppFactory" name="test_database_initialized" time="0.012" /><testcase classname="tests.controllers_tests.test_main.TestAppFactory" name="test_dependencies_are_created" time="0.012" /><testcase classname="tests.controllers_tests.test_main.TestAppFactory" name="test_services_have_correct_dependencies" time="0.026" /><testcase classname="tests.controllers_tests.test_user_handlers.TestUserHandler" name="test_login_success" time="0.006" /><testcase classname="tests.controllers_tests.test_user_handlers.TestUserHandler" name="test_login_validation_error" time="0.004" /><testcase classname="tests.controllers_tests.test_user_handlers.TestUserHandler" name="test_login_missing_field" time="0.004" /><testcase classname="tests.controllers_tests.test_user_handlers.TestUserHandler" name="test_login_invalid_credentials" time="0.004" /><testcase classname="tests.controllers_tests.test_user_handlers.TestUserHandler" name="test_signup_success" time="0.004" /><testcase classname="tests.controllers_tests.test_user_handlers.TestUserHandler" name="test_signup_user_exists" time="0.004" /><testcase classname="tests.controllers_tests.test_user_handlers.TestUserHandler" name="test_get_users_success" time="0.004" /><testcase classname="tests.controllers_tests.test_user_handlers.TestUserHandler" name="test_get_users_database_error" time="0.003" /><testcase classname="tests.controllers_tests.test_user_handlers.TestUserHandler" name="test_get_user_success" time="0.004" /><testcase classname="tests.controllers_tests.test_user_handlers.TestUserHandler" name="test_get_user_not_found" time="0.004" /><testcase classname="tests.controllers_tests.test_user_handlers.TestUserHandler" name="test_delete_user_success" time="0.004" /><testcase classname="tests.controllers_tests.test_user_handlers.TestUserHandler" name="test_delete_user_invalid_uuid" time="0.005" /><testcase classname="tests.controllers_tests.test_user_handlers.TestUserHandler" name="test_delete_user_not_found" time="0.004" /><testcase classname="tests.middleware_tests.test_middleware.TestAuthMiddleware" name="test_expired_token" time="0.007" /><testcase classname="tests.middleware_tests.test_middleware.TestAuthMiddleware" name="test_invalid_authorization_format" time="0.002" /><testcase classname="tests.middleware_tests.test_middleware.TestAuthMiddleware" name="test_invalid_token" time="0.002" /><testcase classname="tests.middleware_tests.test_middleware.TestAuthMiddleware" name="test_invalid_token_payload" time="0.002" /><testcase classname="tests.middleware_tests.test_middleware.TestAuthMiddleware" name="test_no_authorization_header" time="0.002" /><testcase classname="tests.middleware_tests.test_middleware.TestAuthMiddleware" name="test_skip_middleware_for_login_signup" time="0.002" /><testcase classname="tests.middleware_tests.test_middleware.TestAuthMiddleware" name="test_valid_token" time="0.002" /><testcase classname="tests.repository_tests.test_asset_issue_repository.TestIssueRepository" name="test_fetch_all_issues_empty_list" time="0.007" /><testcase classname="tests.repository_tests.test_asset_issue_repository.TestIssueRepository" name="test_fetch_all_issues_raises_database_error" time="0.003" /><testcase classname="tests.repository_tests.test_asset_issue_repository.TestIssueRepository" name="test_fetch_all_issues_success" time="0.004" /><testcase classname="tests.repository_tests.test_asset_issue_repository.TestIssueRepository" name="test_fetch_user_issues_no_issues_found" time="0.004" /><testcase classname="tests.repository_tests.test_asset_issue_repository.TestIssueRepository" name="test_fetch_user_issues_raises_database_error" time="0.003" /><testcase classname="tests.repository_tests.test_asset_issue_repository.TestIssueRepository" name="test_fetch_user_issues_success" time="0.005" /><testcase classname="tests.repository_tests.test_asset_issue_repository.TestIssueRepository" name="test_report_issue_raises_database_error" time="0.002" /><testcase classname="tests.repository_tests.test_asset_issue_repository.TestIssueRepository" name="test_report_issue_success" time="0.003" /><testcase classname="tests.repository_tests.test_asset_repository.TestAssetRepository" name="test_add_asset_raises_database_error" time="0.003" /><testcase classname="tests.repository_tests.test_asset_repository.TestAssetRepository" name="test_add_asset_success" time="0.004" /><testcase classname="tests.repository_tests.test_asset_repository.TestAssetRepository" name="test_assign_asset_raises_database_error" time="0.003" /><testcase classname="tests.repository_tests.test_asset_repository.TestAssetRepository" name="test_assign_asset_success" time="0.003" /><testcase classname="tests.repository_tests.test_asset_repository.TestAssetRepository" name="test_check_asset_availability_available" time="0.004" /><testcase classname="tests.repository_tests.test_asset_repository.TestAssetRepository" name="test_check_asset_availability_available_raises_database_error" time="0.003" /><testcase classname="tests.repository_tests.test_asset_repository.TestAssetRepository" name="test_check_asset_availability_not_available" time="0.003" /><testcase classname="tests.repository_tests.test_asset_repository.TestAssetRepository" name="test_delete_asset_success" time="0.003" /><testcase classname="tests.repository_tests.test_asset_repository.TestAssetRepository" name="test_delete_asset_success_raises_database_error" time="0.003" /><testcase classname="tests.repository_tests.test_asset_repository.TestAssetRepository" name="test_fetch_all_assets_raises_database_error" time="0.003" /><testcase classname="tests.repository_tests.test_asset_repository.TestAssetRepository" name="test_fetch_all_assets_success" time="0.004" /><testcase classname="tests.repository_tests.test_asset_repository.TestAssetRepository" name="test_fetch_asset_by_id_not_found" time="0.004" /><testcase classname="tests.repository_tests.test_asset_repository.TestAssetRepository" name="test_fetch_asset_by_id_raises_database_error" time="0.003" /><testcase classname="tests.repository_tests.test_asset_repository.TestAssetRepository" name="test_fetch_asset_by_id_success" time="0.003" /><testcase classname="tests.repository_tests.test_asset_repository.TestAssetRepository" name="test_is_asset_assigned_false" time="0.004" /><testcase classname="tests.repository_tests.test_asset_repository.TestAssetRepository" name="test_is_asset_assigned_raises_database_error" time="0.004" /><testcase classname="tests.repository_tests.test_asset_repository.TestAssetRepository" name="test_is_asset_assigned_true" time="0.004" /><testcase classname="tests.repository_tests.test_asset_repository.TestAssetRepository" name="test_unassign_asset_raises_database_error" time="0.003" /><testcase classname="tests.repository_tests.test_asset_repository.TestAssetRepository" name="test_unassign_asset_success" time="0.003" /><testcase classname="tests.repository_tests.test_asset_repository.TestAssetRepository" name="test_update_asset_status_raises_database_error" time="0.004" /><testcase classname="tests.repository_tests.test_asset_repository.TestAssetRepository" name="test_update_asset_status_success" time="0.003" /><testcase classname="tests.repository_tests.test_asset_repository.TestAssetRepository" name="test_view_all_assigned_assets_raises_database_error" time="0.005" /><testcase classname="tests.repository_tests.test_asset_repository.TestAssetRepository" name="test_view_all_assigned_assets_success" time="0.004" /><testcase classname="tests.repository_tests.test_asset_repository.TestAssetRepository" name="test_view_assigned_assets_no_assets" time="0.004" /><testcase classname="tests.repository_tests.test_asset_repository.TestAssetRepository" name="test_view_assigned_assets_no_assets_raises_database_error" time="0.003" /><testcase classname="tests.repository_tests.test_asset_repository.TestAssetRepository" name="test_view_assigned_assets_success" time="0.004" /><testcase classname="tests.repository_tests.test_user_repository.TestUserRepository" name="test_delete_user_database_error" time="0.003" /><testcase classname="tests.repository_tests.test_user_repository.TestUserRepository" name="test_delete_user_not_found" time="0.004" /><testcase classname="tests.repository_tests.test_user_repository.TestUserRepository" name="test_delete_user_success" time="0.004" /><testcase classname="tests.repository_tests.test_user_repository.TestUserRepository" name="test_fetch_user_by_email_database_error" time="0.003" /><testcase classname="tests.repository_tests.test_user_repository.TestUserRepository" name="test_fetch_user_by_email_not_found" time="0.004" /><testcase classname="tests.repository_tests.test_user_repository.TestUserRepository" name="test_fetch_user_by_email_success" time="0.004" /><testcase classname="tests.repository_tests.test_user_repository.TestUserRepository" name="test_fetch_user_by_id_database_error" time="0.003" /><testcase classname="tests.repository_tests.test_user_repository.TestUserRepository" name="test_fetch_user_by_id_not_found" time="0.004" /><testcase classname="tests.repository_tests.test_user_repository.TestUserRepository" name="test_fetch_user_by_id_success" time="0.004" /><testcase classname="tests.repository_tests.test_user_repository.TestUserRepository" name="test_fetch_users_database_error" time="0.003" /><testcase classname="tests.repository_tests.test_user_repository.TestUserRepository" name="test_fetch_users_empty_list" time="0.004" /><testcase classname="tests.repository_tests.test_user_repository.TestUserRepository" name="test_fetch_users_success" time="0.004" /><testcase classname="tests.repository_tests.test_user_repository.TestUserRepository" name="test_save_user_database_error" time="0.002" /><testcase classname="tests.repository_tests.test_user_repository.TestUserRepository" name="test_save_user_success" time="0.003" /><testcase classname="tests.service_tests.test_asset_issue_service.TestIssueService" name="test_get_issues_returns_all_issues" time="0.005" /><testcase classname="tests.service_tests.test_asset_issue_service.TestIssueService" name="test_get_user_issues_raises_error_for_nonexistent_user" time="0.004" /><testcase classname="tests.service_tests.test_asset_issue_service.TestIssueService" name="test_get_user_issues_returns_user_specific_issues" time="0.003" /><testcase classname="tests.service_tests.test_asset_issue_service.TestIssueService" name="test_report_issue_raises_error_for_nonexistent_asset" time="0.004" /><testcase classname="tests.service_tests.test_asset_issue_service.TestIssueService" name="test_report_issue_raises_error_for_unassigned_asset" time="0.004" /><testcase classname="tests.service_tests.test_asset_issue_service.TestIssueService" name="test_report_issue_successful" time="0.004" /><testcase classname="tests.service_tests.test_asset_service.TestAssetService" name="test_add_asset_raises_exists_error" time="0.002" /><testcase classname="tests.service_tests.test_asset_service.TestAssetService" name="test_add_asset_successful" time="0.002" /><testcase classname="tests.service_tests.test_asset_service.TestAssetService" name="test_assign_asset_raises_asset_not_exists_error" time="0.005" /><testcase classname="tests.service_tests.test_asset_service.TestAssetService" name="test_assign_asset_raises_user_not_exists_error" time="0.003" /><testcase classname="tests.service_tests.test_asset_service.TestAssetService" name="test_assign_asset_successful" time="0.003" /><testcase classname="tests.service_tests.test_asset_service.TestAssetService" name="test_delete_asset_raises_not_exists_error" time="0.002" /><testcase classname="tests.service_tests.test_asset_service.TestAssetService" name="test_delete_asset_successful" time="0.002" /><testcase classname="tests.service_tests.test_asset_service.TestAssetService" name="test_get_asset_by_id" time="0.002" /><testcase classname="tests.service_tests.test_asset_service.TestAssetService" name="test_get_assets" time="0.002" /><testcase classname="tests.service_tests.test_asset_service.TestAssetService" name="test_is_asset_assigned" time="0.002" /><testcase classname="tests.service_tests.test_asset_service.TestAssetService" name="test_unassign_asset_raises_not_exists_errors" time="0.002" /><testcase classname="tests.service_tests.test_asset_service.TestAssetService" name="test_unassign_asset_successful" time="0.003" /><testcase classname="tests.service_tests.test_asset_service.TestAssetService" name="test_view_all_assigned_assets" time="0.002" /><testcase classname="tests.service_tests.test_asset_service.TestAssetService" name="test_view_assigned_assets_raises_user_not_exists_error" time="0.002" /><testcase classname="tests.service_tests.test_asset_service.TestAssetService" name="test_view_assigned_assets_successful" time="0.002" /><testcase classname="tests.service_tests.test_user_service.TestUserService" name="test_delete_user_account_nonexistent_user" time="0.002" /><testcase classname="tests.service_tests.test_user_service.TestUserService" name="test_delete_user_account_successful" time="0.002" /><testcase classname="tests.service_tests.test_user_service.TestUserService" name="test_get_user_by_email_returns_none" time="0.002" /><testcase classname="tests.service_tests.test_user_service.TestUserService" name="test_get_user_by_email_successful" time="0.001" /><testcase classname="tests.service_tests.test_user_service.TestUserService" name="test_get_user_by_id_returns_none" time="0.002" /><testcase classname="tests.service_tests.test_user_service.TestUserService" name="test_get_user_by_id_successful" time="0.002" /><testcase classname="tests.service_tests.test_user_service.TestUserService" name="test_get_users_returns_empty_list" time="0.002" /><testcase classname="tests.service_tests.test_user_service.TestUserService" name="test_get_users_returns_list" time="0.001" /><testcase classname="tests.service_tests.test_user_service.TestUserService" name="test_login_user_raises_invalid_credentials" time="0.001" /><testcase classname="tests.service_tests.test_user_service.TestUserService" name="test_login_user_successful" time="0.231" /><testcase classname="tests.service_tests.test_user_service.TestUserService" name="test_signup_user_raises_user_exists_error" time="0.002" /><testcase classname="tests.service_tests.test_user_service.TestUserService" name="test_signup_user_successful" time="0.003" /><testcase classname="tests.utils.db.test_db_connection" name="test_db_connection" time="0.004" /><testcase classname="tests.utils.db.test_query_builder.TestGenericQueryBuilder" name="test_delete_multiple_conditions" time="0.001" /><testcase classname="tests.utils.db.test_query_builder.TestGenericQueryBuilder" name="test_delete_single_condition" time="0.001" /><testcase classname="tests.utils.db.test_query_builder.TestGenericQueryBuilder" name="test_delete_without_where_clause" time="0.001" /><testcase classname="tests.utils.db.test_query_builder.TestGenericQueryBuilder" name="test_insert_multiple_columns" time="0.002" /><testcase classname="tests.utils.db.test_query_builder.TestGenericQueryBuilder" name="test_insert_single_column" time="0.001" /><testcase classname="tests.utils.db.test_query_builder.TestGenericQueryBuilder" name="test_select_all_columns" time="0.001" /><testcase classname="tests.utils.db.test_query_builder.TestGenericQueryBuilder" name="test_select_specific_columns" time="0.001" /><testcase classname="tests.utils.db.test_query_builder.TestGenericQueryBuilder" name="test_select_with_all_parameters" time="0.001" /><testcase classname="tests.utils.db.test_query_builder.TestGenericQueryBuilder" name="test_select_with_limit" time="0.001" /><testcase classname="tests.utils.db.test_query_builder.TestGenericQueryBuilder" name="test_select_with_multiple_where_conditions" time="0.001" /><testcase classname="tests.utils.db.test_query_builder.TestGenericQueryBuilder" name="test_select_with_order_by" time="0.002" /><testcase classname="tests.utils.db.test_query_builder.TestGenericQueryBuilder" name="test_select_with_where_clause" time="0.001" /><testcase classname="tests.utils.db.test_query_builder.TestGenericQueryBuilder" name="test_update_multiple_columns" time="0.001" /><testcase classname="tests.utils.db.test_query_builder.TestGenericQueryBuilder" name="test_update_multiple_where_conditions" time="0.001" /><testcase classname="tests.utils.db.test_query_builder.TestGenericQueryBuilder" name="test_update_single_column" time="0.001" /><testcase classname="tests.utils.test_utils.TestUtils" name="test_admin_decorator_authorized" time="0.002" /><testcase classname="tests.utils.test_utils.TestUtils" name="test_admin_decorator_unauthorized" time="0.003" /><testcase classname="tests.utils.test_utils.TestUtils" name="test_check_password_failure" time="0.462" /><testcase classname="tests.utils.test_utils.TestUtils" name="test_check_password_success" time="0.459" /><testcase classname="tests.utils.test_utils.TestUtils" name="test_create_jwt_token_exception" time="0.001" /><testcase classname="tests.utils.test_utils.TestUtils" name="test_create_jwt_token_success" time="0.002" /><testcase classname="tests.utils.test_utils.TestUtils" name="test_decode_jwt_token_expired" time="0.001" /><testcase classname="tests.utils.test_utils.TestUtils" name="test_decode_jwt_token_invalid" time="0.001" /><testcase classname="tests.utils.test_utils.TestUtils" name="test_decode_jwt_token_success" time="0.001" /><testcase classname="tests.utils.test_utils.TestUtils" name="test_hash_password_unique" time="0.459" /><testcase classname="tests.utils.validators.test_validators.TestValidators" name="test_is_department_valid" time="0.003" /><testcase classname="tests.utils.validators.test_validators.TestValidators" name="test_is_email_valid" time="0.001" /><testcase classname="tests.utils.validators.test_validators.TestValidators" name="test_is_name_valid" time="0.001" /><testcase classname="tests.utils.validators.test_validators.TestValidators" name="test_is_password_valid" time="0.001" /><testcase classname="tests.utils.validators.test_validators.TestValidators" name="test_is_valid_UUID" time="0.001" /></testsuite></testsuites>