<?xml version="1.0" encoding="utf-8"?><testsuites><testsuite name="pytest" errors="0" failures="0" skipped="0" tests="33" time="2.864" timestamp="2024-12-19T10:58:03.446896+05:30" hostname="LAP-55355"><testcase classname="tests.service_tests.test_asset_issue_service.TestIssueService" name="test_get_issues_returns_all_issues" time="0.010" /><testcase classname="tests.service_tests.test_asset_issue_service.TestIssueService" name="test_get_user_issues_raises_error_for_nonexistent_user" time="0.003" /><testcase classname="tests.service_tests.test_asset_issue_service.TestIssueService" name="test_get_user_issues_returns_user_specific_issues" time="0.004" /><testcase classname="tests.service_tests.test_asset_issue_service.TestIssueService" name="test_report_issue_raises_error_for_nonexistent_asset" time="0.014" /><testcase classname="tests.service_tests.test_asset_issue_service.TestIssueService" name="test_report_issue_raises_error_for_unassigned_asset" time="0.004" /><testcase classname="tests.service_tests.test_asset_issue_service.TestIssueService" name="test_report_issue_successful" time="0.004" /><testcase classname="tests.service_tests.test_asset_service.TestAssetService" name="test_add_asset_raises_exists_error" time="0.003" /><testcase classname="tests.service_tests.test_asset_service.TestAssetService" name="test_add_asset_successful" time="0.002" /><testcase classname="tests.service_tests.test_asset_service.TestAssetService" name="test_assign_asset_raises_asset_not_exists_error" time="0.002" /><testcase classname="tests.service_tests.test_asset_service.TestAssetService" name="test_assign_asset_raises_user_not_exists_error" time="0.002" /><testcase classname="tests.service_tests.test_asset_service.TestAssetService" name="test_assign_asset_successful" time="0.003" /><testcase classname="tests.service_tests.test_asset_service.TestAssetService" name="test_delete_asset_raises_not_exists_error" time="0.002" /><testcase classname="tests.service_tests.test_asset_service.TestAssetService" name="test_delete_asset_successful" time="0.002" /><testcase classname="tests.service_tests.test_asset_service.TestAssetService" name="test_get_asset_by_id" time="0.002" /><testcase classname="tests.service_tests.test_asset_service.TestAssetService" name="test_get_assets" time="0.002" /><testcase classname="tests.service_tests.test_asset_service.TestAssetService" name="test_is_asset_assigned" time="0.001" /><testcase classname="tests.service_tests.test_asset_service.TestAssetService" name="test_unassign_asset_raises_not_exists_errors" time="0.002" /><testcase classname="tests.service_tests.test_asset_service.TestAssetService" name="test_unassign_asset_successful" time="0.003" /><testcase classname="tests.service_tests.test_asset_service.TestAssetService" name="test_view_all_assigned_assets" time="0.002" /><testcase classname="tests.service_tests.test_asset_service.TestAssetService" name="test_view_assigned_assets_raises_user_not_exists_error" time="0.002" /><testcase classname="tests.service_tests.test_asset_service.TestAssetService" name="test_view_assigned_assets_successful" time="0.002" /><testcase classname="tests.service_tests.test_user_service.TestUserService" name="test_delete_user_account_nonexistent_user" time="0.002" /><testcase classname="tests.service_tests.test_user_service.TestUserService" name="test_delete_user_account_successful" time="0.002" /><testcase classname="tests.service_tests.test_user_service.TestUserService" name="test_get_user_by_email_returns_none" time="0.001" /><testcase classname="tests.service_tests.test_user_service.TestUserService" name="test_get_user_by_email_successful" time="0.005" /><testcase classname="tests.service_tests.test_user_service.TestUserService" name="test_get_user_by_id_returns_none" time="0.001" /><testcase classname="tests.service_tests.test_user_service.TestUserService" name="test_get_user_by_id_successful" time="0.002" /><testcase classname="tests.service_tests.test_user_service.TestUserService" name="test_get_users_returns_empty_list" time="0.001" /><testcase classname="tests.service_tests.test_user_service.TestUserService" name="test_get_users_returns_list" time="0.002" /><testcase classname="tests.service_tests.test_user_service.TestUserService" name="test_login_user_raises_invalid_credentials" time="0.002" /><testcase classname="tests.service_tests.test_user_service.TestUserService" name="test_login_user_successful" time="0.234" /><testcase classname="tests.service_tests.test_user_service.TestUserService" name="test_signup_user_raises_user_exists_error" time="0.002" /><testcase classname="tests.service_tests.test_user_service.TestUserService" name="test_signup_user_successful" time="0.003" /></testsuite></testsuites>