<?xml version="1.0" encoding="utf-8"?><testsuites><testsuite name="pytest" errors="0" failures="0" skipped="0" tests="1" time="2.148" timestamp="2024-12-23T10:36:54.739381+05:30" hostname="LAP-55355"><testcase classname="tests.service_tests.test_user_service.TestUserService" name="test_delete_user_account_nonexistent_user" time="0.009" /></testsuite></testsuites>