<?xml version="1.0" encoding="utf-8"?><testsuites><testsuite name="pytest" errors="0" failures="0" skipped="0" tests="1" time="2.353" timestamp="2024-12-23T10:40:14.301547+05:30" hostname="LAP-55355"><testcase classname="tests.controllers_tests.test_main.TestAppFactory" name="test_all_routes_registered" time="0.041" /></testsuite></testsuites>