<?xml version="1.0" encoding="utf-8"?><testsuites><testsuite name="pytest" errors="0" failures="0" skipped="0" tests="1" time="0.649" timestamp="2024-12-23T08:16:28.369893+05:30" hostname="Pravins-MacBook-Air.local"><testcase classname="tests.controllers_tests.test_user_handlers.TestUserHandler" name="test_get_user_not_found" time="0.003" /></testsuite></testsuites>