<?xml version="1.0" encoding="utf-8"?><testsuites><testsuite name="pytest" errors="0" failures="0" skipped="0" tests="13" time="1.553" timestamp="2024-12-18T11:31:45.986455+05:30" hostname="LAP-55355"><testcase classname="tests.controllers_tests.test_user_handlers.TestUserHandler" name="test_login_success" time="0.021" /><testcase classname="tests.controllers_tests.test_user_handlers.TestUserHandler" name="test_login_validation_error" time="0.004" /><testcase classname="tests.controllers_tests.test_user_handlers.TestUserHandler" name="test_login_missing_field" time="0.004" /><testcase classname="tests.controllers_tests.test_user_handlers.TestUserHandler" name="test_login_invalid_credentials" time="0.004" /><testcase classname="tests.controllers_tests.test_user_handlers.TestUserHandler" name="test_signup_success" time="0.003" /><testcase classname="tests.controllers_tests.test_user_handlers.TestUserHandler" name="test_signup_user_exists" time="0.004" /><testcase classname="tests.controllers_tests.test_user_handlers.TestUserHandler" name="test_get_users_success" time="0.004" /><testcase classname="tests.controllers_tests.test_user_handlers.TestUserHandler" name="test_get_users_database_error" time="0.003" /><testcase classname="tests.controllers_tests.test_user_handlers.TestUserHandler" name="test_get_user_success" time="0.004" /><testcase classname="tests.controllers_tests.test_user_handlers.TestUserHandler" name="test_get_user_not_found" time="0.003" /><testcase classname="tests.controllers_tests.test_user_handlers.TestUserHandler" name="test_delete_user_success" time="0.003" /><testcase classname="tests.controllers_tests.test_user_handlers.TestUserHandler" name="test_delete_user_invalid_uuid" time="0.004" /><testcase classname="tests.controllers_tests.test_user_handlers.TestUserHandler" name="test_delete_user_not_found" time="0.003" /></testsuite></testsuites>