<?xml version="1.0" encoding="utf-8"?><testsuites><testsuite name="pytest" errors="0" failures="0" skipped="0" tests="9" time="0.673" timestamp="2024-12-23T09:23:03.653602+05:30" hostname="Pravins-MacBook-Air.local"><testcase classname="tests.controllers_tests.test_asset_issue_handlers.TestIssueHandler" name="test_get_user_issues_success" time="0.003" /><testcase classname="tests.controllers_tests.test_asset_issue_handlers.TestIssueHandler" name="test_get_user_issues_user_not_found" time="0.002" /><testcase classname="tests.controllers_tests.test_asset_issue_handlers.TestIssueHandler" name="test_get_user_issues_database_error" time="0.001" /><testcase classname="tests.controllers_tests.test_asset_issue_handlers.TestIssueHandler" name="test_get_issues_success" time="0.002" /><testcase classname="tests.controllers_tests.test_asset_issue_handlers.TestIssueHandler" name="test_get_issues_database_error" time="0.002" /><testcase classname="tests.controllers_tests.test_asset_issue_handlers.TestIssueHandler" name="test_report_issue_success" time="0.002" /><testcase classname="tests.controllers_tests.test_asset_issue_handlers.TestIssueHandler" name="test_report_issue_not_assigned_error" time="0.002" /><testcase classname="tests.controllers_tests.test_asset_issue_handlers.TestIssueHandler" name="test_report_issue_asset_not_found" time="0.002" /><testcase classname="tests.controllers_tests.test_asset_issue_handlers.TestIssueHandler" name="test_report_issue_database_error" time="0.002" /></testsuite></testsuites>