<?xml version="1.0" encoding="utf-8"?><testsuites><testsuite name="pytest" errors="0" failures="0" skipped="0" tests="5" time="2.191" timestamp="2024-12-23T10:02:05.729459+05:30" hostname="LAP-55355"><testcase classname="tests.middleware_tests.test_middleware.TestAuthMiddleware" name="test_expired_token" time="0.007" /><testcase classname="tests.middleware_tests.test_middleware.TestAuthMiddleware" name="test_invalid_token" time="0.001" /><testcase classname="tests.middleware_tests.test_middleware.TestAuthMiddleware" name="test_invalid_token_payload" time="0.001" /><testcase classname="tests.middleware_tests.test_middleware.TestAuthMiddleware" name="test_skip_middleware_for_login_signup" time="0.001" /><testcase classname="tests.middleware_tests.test_middleware.TestAuthMiddleware" name="test_valid_token" time="0.001" /></testsuite></testsuites>